[14:56:13] [ServerMain/INFO]: Environment: Environment[sessionHost=https://sessionserver.mojang.com, servicesHost=https://api.minecraftservices.com, name=PROD]
[14:56:14] [ServerMain/INFO]: Loaded 7 recipes
[14:56:15] [ServerMain/INFO]: Loaded 1271 advancements
[14:56:15] [Server thread/INFO]: Starting minecraft server version 1.20.4
[14:56:15] [Server thread/INFO]: Loading properties
[14:56:15] [Server thread/INFO]: Default game type: SURVIVAL
[14:56:15] [Server thread/INFO]: Generating keypair
[14:56:15] [Server thread/INFO]: Starting Minecraft server on *:25565
[14:56:16] [Server thread/INFO]: Using epoll channel type
[14:56:16] [Server thread/INFO]: Preparing level "world"
[14:56:17] [Server thread/INFO]: Preparing start region for dimension minecraft:overworld
[14:56:21] [Worker-Main-2/INFO]: Preparing spawn area: 0%
[14:56:21] [Worker-Main-6/INFO]: Preparing spawn area: 0%
[14:56:21] [Worker-Main-5/INFO]: Preparing spawn area: 0%
[14:56:21] [Worker-Main-6/INFO]: Preparing spawn area: 0%
[14:56:21] [Worker-Main-6/INFO]: Preparing spawn area: 0%
[14:56:21] [Worker-Main-6/INFO]: Preparing spawn area: 0%
[14:56:21] [Worker-Main-5/INFO]: Preparing spawn area: 0%
[14:56:21] [Worker-Main-3/INFO]: Preparing spawn area: 0%
[14:56:21] [Worker-Main-6/INFO]: Preparing spawn area: 0%
[14:56:22] [Worker-Main-4/INFO]: Preparing spawn area: 0%
[14:56:22] [Worker-Main-7/INFO]: Preparing spawn area: 3%
[14:56:23] [Worker-Main-4/INFO]: Preparing spawn area: 32%
[14:56:23] [Worker-Main-1/INFO]: Preparing spawn area: 68%
[14:56:24] [Server thread/INFO]: Time elapsed: 6348 ms
[14:56:24] [Server thread/INFO]: Done (7.973s)! For help, type "help"
[14:56:24] [Server thread/INFO]: Starting remote control listener
[14:56:24] [Server thread/INFO]: Thread RCON Listener started
[14:56:24] [Server thread/INFO]: RCON running on 0.0.0.0:25575
[14:57:05] [User Authenticator #1/INFO]: UUID of player littled3093 is de7d0df0-c736-4ac0-95c9-3e498729ab01
[14:57:06] [Server thread/INFO]: littled3093[/192.168.0.196:58792] logged in with entity id 114 at (106.25918418596595, 64.0, -191.39690134681297)
[14:57:06] [Server thread/INFO]: littled3093 joined the game
[14:57:23] [Server thread/INFO]: littled3093 lost connection: Disconnected
[14:57:23] [Server thread/INFO]: littled3093 left the game
